<?xml version="1.0" encoding="UTF-8" ?>
<testsuite errors="0" failures="0" hostname="DESKTOP-2IPKFCT" name="wireframe.AnnotationsTest" skipped="0" tests="3" time="0.357" timestamp="2017-12-01T11:57:58">
  <properties>
    <property name="java.vendor" value="Oracle Corporation" />
    <property name="log.dir" value="log" />
    <property name="sun.java.launcher" value="SUN_STANDARD" />
    <property name="sun.management.compiler" value="HotSpot 64-Bit Tiered Compilers" />
    <property name="os.name" value="Linux" />
    <property name="sun.boot.class.path" value="/usr/lib/jvm/java-8-oracle/jre/lib/resources.jar:/usr/lib/jvm/java-8-oracle/jre/lib/rt.jar:/usr/lib/jvm/java-8-oracle/jre/lib/sunrsasign.jar:/usr/lib/jvm/java-8-oracle/jre/lib/jsse.jar:/usr/lib/jvm/java-8-oracle/jre/lib/jce.jar:/usr/lib/jvm/java-8-oracle/jre/lib/charsets.jar:/usr/lib/jvm/java-8-oracle/jre/lib/jfr.jar:/usr/lib/jvm/java-8-oracle/jre/classes" />
    <property name="java.vm.specification.vendor" value="Oracle Corporation" />
    <property name="ant.home" value="/usr/share/apache-ant-1.10.1" />
    <property name="java.runtime.version" value="1.8.0_151-b12" />
    <property name="user.name" value="dennis" />
    <property name="ant.file.type.wireframe" value="file" />
    <property name="build.dir" value="build" />
    <property name="user.language" value="en" />
    <property name="sun.boot.library.path" value="/usr/lib/jvm/java-8-oracle/jre/lib/amd64" />
    <property name="doc.dir" value="doc" />
    <property name="ant.project.name" value="wireframe" />
    <property name="java.version" value="1.8.0_151" />
    <property name="user.timezone" value="" />
    <property name="sun.arch.data.model" value="64" />
    <property name="java.endorsed.dirs" value="/usr/lib/jvm/java-8-oracle/jre/lib/endorsed" />
    <property name="sun.cpu.isalist" value="" />
    <property name="sun.jnu.encoding" value="UTF-8" />
    <property name="file.encoding.pkg" value="sun.io" />
    <property name="file.separator" value="/" />
    <property name="java.specification.name" value="Java Platform API Specification" />
    <property name="log.file" value="log/log.txt" />
    <property name="java.class.version" value="52.0" />
    <property name="user.country" value="US" />
    <property name="java.home" value="/usr/lib/jvm/java-8-oracle/jre" />
    <property name="java.vm.info" value="mixed mode" />
    <property name="main-class" value="NumbersDriver" />
    <property name="ant.file" value="/mnt/c/Users/alexa/IdeaProjects/wireframe/build.xml" />
    <property name="os.version" value="4.4.0-43-Microsoft" />
    <property name="path.separator" value=":" />
    <property name="java.vm.version" value="25.151-b12" />
    <property name="report.dir" value="report" />
    <property name="ant.library.dir" value="/usr/share/apache-ant-1.10.1/lib" />
    <property name="java.awt.printerjob" value="sun.print.PSPrinterJob" />
    <property name="sun.io.unicode.encoding" value="UnicodeLittle" />
    <property name="awt.toolkit" value="sun.awt.X11.XToolkit" />
    <property name="_jacoco.agentFile" value="/tmp/jacocoagent7986911360494122107.jar" />
    <property name="user.home" value="/home/dennis" />
    <property name="java.specification.vendor" value="Oracle Corporation" />
    <property name="junit.dir" value="report/junit" />
    <property name="java.library.path" value="/usr/java/packages/lib/amd64:/usr/lib64:/lib64:/lib:/usr/lib" />
    <property name="java.vendor.url" value="http://java.oracle.com/" />
    <property name="java.vm.vendor" value="Oracle Corporation" />
    <property name="java.runtime.name" value="Java(TM) SE Runtime Environment" />
    <property name="sun.java.command" value="org.apache.tools.ant.taskdefs.optional.junit.JUnitTestRunner wireframe.AnnotationsTest skipNonTests=false filtertrace=false haltOnError=false haltOnFailure=false formatter=org.apache.tools.ant.taskdefs.optional.junit.OutErrSummaryJUnitResultFormatter showoutput=false outputtoformatters=true logfailedtests=true threadid=0 logtestlistenerevents=false formatter=org.apache.tools.ant.taskdefs.optional.junit.XMLJUnitResultFormatter,/mnt/c/Users/alexa/IdeaProjects/wireframe/report/junit/TEST-wireframe.AnnotationsTest.xml crashfile=/mnt/c/Users/alexa/IdeaProjects/wireframe/junitvmwatcher9101144484227870064.properties propsfile=/mnt/c/Users/alexa/IdeaProjects/wireframe/junit5517862673180320099.properties" />
    <property name="java.class.path" value="/usr/share/apache-ant-1.10.1/lib/hamcrest-core-1.3.jar:/mnt/c/Users/alexa/IdeaProjects/wireframe/build:/usr/share/apache-ant-1.10.1/lib/junit-4.12.jar:/usr/share/apache-ant-1.10.1/lib/ant-launcher.jar:/usr/share/apache-ant-1.10.1/lib/ant.jar:/usr/share/apache-ant-1.10.1/lib/ant-junit.jar:/usr/share/apache-ant-1.10.1/lib/ant-junit4.jar:/tmp/jacocoagent7986911360494122107.jar" />
    <property name="ant.version" value="Apache Ant(TM) version 1.10.1 compiled on February 2 2017" />
    <property name="jacoco.file" value="report/jacoco/jacoco.exec" />
    <property name="java.vm.specification.name" value="Java Virtual Machine Specification" />
    <property name="ant.file.type" value="file" />
    <property name="java.vm.specification.version" value="1.8" />
    <property name="sun.cpu.endian" value="little" />
    <property name="sun.os.patch.level" value="unknown" />
    <property name="java.io.tmpdir" value="/tmp" />
    <property name="java.vendor.url.bug" value="http://bugreport.sun.com/bugreport/" />
    <property name="os.arch" value="amd64" />
    <property name="java.awt.graphicsenv" value="sun.awt.X11GraphicsEnvironment" />
    <property name="java.ext.dirs" value="/usr/lib/jvm/java-8-oracle/jre/lib/ext:/usr/java/packages/lib/ext" />
    <property name="user.dir" value="/mnt/c/Users/alexa/IdeaProjects/wireframe" />
    <property name="jacoco.dir" value="report/jacoco" />
    <property name="line.separator" value="&#xa;" />
    <property name="java.vm.name" value="Java HotSpot(TM) 64-Bit Server VM" />
    <property name="test-src.dir" value="test" />
    <property name="basedir" value="/mnt/c/Users/alexa/IdeaProjects/wireframe" />
    <property name="ant.java.version" value="1.8" />
    <property name="ant.core.lib" value="/usr/share/apache-ant-1.10.1/lib/ant.jar" />
    <property name="file.encoding" value="UTF-8" />
    <property name="java.specification.version" value="1.8" />
    <property name="src.dir" value="src" />
    <property name="ant.project.invoked-targets" value="report" />
    <property name="ant.file.wireframe" value="/mnt/c/Users/alexa/IdeaProjects/wireframe/build.xml" />
  </properties>
  <testcase classname="wireframe.AnnotationsTest" name="test_setIsVisible_false" time="0.171" />
  <testcase classname="wireframe.AnnotationsTest" name="test_setIsVisible_true" time="0.003" />
  <testcase classname="wireframe.AnnotationsTest" name="test_isVisible_nominal" time="0.003" />
  <system-out><![CDATA[]]></system-out>
  <system-err><![CDATA[]]></system-err>
</testsuite>
